\BOOKMARK [1][-]{section.1}{Introduction}{}% 1
\BOOKMARK [2][-]{subsection.1.1}{Resource Management}{section.1}% 2
\BOOKMARK [2][-]{subsection.1.2}{Batch Scheduling}{section.1}% 3
\BOOKMARK [2][-]{subsection.1.3}{Software Requirements}{section.1}% 4
\BOOKMARK [1][-]{section.2}{Modeling}{}% 5
\BOOKMARK [2][-]{subsection.2.1}{Traffic Assignment Problem}{section.2}% 6
\BOOKMARK [2][-]{subsection.2.2}{Discrete Network Design problem}{section.2}% 7
\BOOKMARK [2][-]{subsection.2.3}{Solution Technique: Meta Heuristics}{section.2}% 8
\BOOKMARK [1][-]{section.3}{Genetic Algorithm}{}% 9
\BOOKMARK [2][-]{subsection.3.1}{Understanding the algorithm}{section.3}% 10
\BOOKMARK [2][-]{subsection.3.2}{Encoding}{section.3}% 11
\BOOKMARK [2][-]{subsection.3.3}{Selection}{section.3}% 12
\BOOKMARK [3][-]{subsubsection.3.3.1}{Default Selection}{subsection.3.3}% 13
\BOOKMARK [3][-]{subsubsection.3.3.2}{Fitness Proportionate Selection}{subsection.3.3}% 14
\BOOKMARK [3][-]{subsubsection.3.3.3}{Rank Selection}{subsection.3.3}% 15
\BOOKMARK [3][-]{subsubsection.3.3.4}{Tournament Selection}{subsection.3.3}% 16
\BOOKMARK [2][-]{subsection.3.4}{Crossover}{section.3}% 17
\BOOKMARK [2][-]{subsection.3.5}{Mutation}{section.3}% 18
\BOOKMARK [1][-]{section.4}{Implementation}{}% 19
\BOOKMARK [2][-]{subsection.4.1}{Software Design}{section.4}% 20
\BOOKMARK [2][-]{subsection.4.2}{Implementation Details}{section.4}% 21
\BOOKMARK [1][-]{section.5}{Experiments and Visualization}{}% 22
\BOOKMARK [2][-]{subsection.5.1}{Setup}{section.5}% 23
\BOOKMARK [2][-]{subsection.5.2}{Datasets}{section.5}% 24
\BOOKMARK [2][-]{subsection.5.3}{Experiments and Results}{section.5}% 25
\BOOKMARK [2][-]{subsection.5.4}{Visualization}{section.5}% 26
\BOOKMARK [1][-]{section.6}{Conclusion}{}% 27
\BOOKMARK [2][-]{subsection.6.1}{Scope for future work}{section.6}% 28
